<?xml version="1.0" encoding="UTF-8"?>
<testsuite xmlns:xsi="http://www.w3.org/2001/XMLSchema-instance" xsi:noNamespaceSchemaLocation="https://maven.apache.org/surefire/maven-surefire-plugin/xsd/surefire-test-report.xsd" version="3.0.2" name="TestSuite" time="23.657" tests="2" errors="0" skipped="0" failures="0">
  <properties>
[...]
</properties>
  <testcase name="verify_account_registration" classname="testCases.TC001_AccountRegistrationTest" time="4.414">
    <system-out><![CDATA[11:59:25.098 [main] INFO  testCases.TC001_AccountRegistrationTest - **** Starting TC001_AccountRegistrationTest ****** 
11:59:25.922 [main] INFO  testCases.TC001_AccountRegistrationTest -  Clicked in My Account Link 
11:59:26.809 [main] INFO  testCases.TC001_AccountRegistrationTest - Clicked in Register Link 
11:59:26.811 [main] INFO  testCases.TC001_AccountRegistrationTest - Providing Customer Details.....
11:59:29.341 [main] INFO  testCases.TC001_AccountRegistrationTest - Validating Expected Message....
11:59:29.447 [main] INFO  testCases.TC001_AccountRegistrationTest -  **** TC001_AccountRegistrationTest Finished ****** 
]]></system-out>
  </testcase>
  <testcase name="verify_login" classname="testCases.TC002_LoginTest" time="2.66">
    <system-out><![CDATA[11:59:33.614 [main] INFO  testCases.TC002_LoginTest - **** Starting Test Case TC002_LoginTest *****
11:59:36.269 [main] INFO  testCases.TC002_LoginTest - ***** Finished TC002_LoginTest *****
]]></system-out>
  </testcase>
</testsuite>